<?xml version="1.0" encoding="UTF-8"?>
<!-- Generated by org.testng.reporters.JUnitReportReporter -->
<testsuite hostname="LAPTOP-8NBK70PI" failures="0" tests="1" name="orange.HRM" time="21.846" errors="0" timestamp="2023-11-02T21:22:21 IST" skipped="0">
  <testcase classname="orange.HRM" name="loginandAddemployee" time="21.846"/>
  <system-out/>
</testsuite> <!-- orange.HRM -->
